# JRE version: OpenJDK Runtime Environment Temurin-21.0.12.1+1 (21.0.12.1+1) (build 21.0.12.1+1-LTS)
# Java VM: OpenJDK 64-Bit Server VM Temurin-21.0.12.1+1 (21.0.12.1+1-LTS, mixed mode, sharing, tiered, compressed oops, compressed class ptrs, g1 gc, windows-amd64)
GC Precious Log:
 CardTable entry size: 512
 Card Set container configuration: InlinePtr #cards 4 size 8 Array Of Cards #cards 32 size 80 Howl #buckets 8 coarsen threshold 7372 Howl Bitmap #cards 1024 size 144 coarsen threshold 921 Card regions per heap region 1 cards per card region 8192
 CPUs: 8 total, 8 available
 Memory: 16163M
 Large Page Support: Disabled
 NUMA Support: Disabled
 Compressed Oops: Enabled (Zero based)
 Heap Region Size: 4M
 Heap Min Capacity: 8M
 Heap Initial Capacity: 256M
 Heap Max Capacity: 8G
 Pre-touch: Disabled
 Parallel Workers: 8
 Concurrent Workers: 2
 Concurrent Refinement Workers: 8
 Periodic GC: Disabled
Heap:
 garbage-first heap   total 245760K, used 218599K [0x0000000600000000, 0x0000000800000000)
  region size 4096K, 23 young (94208K), 2 survivors (8192K)
 Metaspace       used 128791K, committed 131392K, reserved 1179648K
  class space    used 17799K, committed 19072K, reserved 1048576K
GC Heap History (20 events):
Event: 28.241 GC heap after
{Heap after GC invocations=40 (full 0):
 garbage-first heap   total 172032K, used 103466K [0x0000000600000000, 0x0000000800000000)
  region size 4096K, 2 young (8192K), 2 survivors (8192K)
 Metaspace       used 94265K, committed 96640K, reserved 1179648K
  class space    used 13422K, committed 14592K, reserved 1048576K
}
Event: 29.096 GC heap before
{Heap before GC invocations=40 (full 0):
 garbage-first heap   total 172032K, used 148522K [0x0000000600000000, 0x0000000800000000)
  region size 4096K, 14 young (57344K), 2 survivors (8192K)
 Metaspace       used 97342K, committed 99776K, reserved 1179648K
  class space    used 13841K, committed 15040K, reserved 1048576K
}
Event: 29.102 GC heap after
{Heap after GC invocations=41 (full 0):
 garbage-first heap   total 172032K, used 106409K [0x0000000600000000, 0x0000000800000000)
  region size 4096K, 1 young (4096K), 1 survivors (4096K)
 Metaspace       used 97342K, committed 99776K, reserved 1179648K
  class space    used 13841K, committed 15040K, reserved 1048576K
}
Event: 29.512 GC heap before
{Heap before GC invocations=41 (full 0):
 garbage-first heap   total 172032K, used 155561K [0x0000000600000000, 0x0000000800000000)
  region size 4096K, 13 young (53248K), 1 survivors (4096K)
 Metaspace       used 100846K, committed 103296K, reserved 1179648K
  class space    used 14332K, committed 15552K, reserved 1048576K
}
Event: 29.516 GC heap after
{Heap after GC invocations=42 (full 0):
 garbage-first heap   total 172032K, used 107817K [0x0000000600000000, 0x0000000800000000)
  region size 4096K, 2 young (8192K), 2 survivors (8192K)
 Metaspace       used 100846K, committed 103296K, reserved 1179648K
  class space    used 14332K, committed 15552K, reserved 1048576K
}
Event: 29.948 GC heap before
{Heap before GC invocations=43 (full 0):
 garbage-first heap   total 184320K, used 152873K [0x0000000600000000, 0x0000000800000000)
  region size 4096K, 13 young (53248K), 2 survivors (8192K)
 Metaspace       used 104299K, committed 106752K, reserved 1179648K
  class space    used 14979K, committed 16192K, reserved 1048576K
}
Event: 29.952 GC heap after
{Heap after GC invocations=44 (full 0):
 garbage-first heap   total 184320K, used 109700K [0x0000000600000000, 0x0000000800000000)
  region size 4096K, 1 young (4096K), 1 survivors (4096K)
 Metaspace       used 104299K, committed 106752K, reserved 1179648K
  class space    used 14979K, committed 16192K, reserved 1048576K
}
Event: 30.662 GC heap before
{Heap before GC invocations=44 (full 0):
 garbage-first heap   total 184320K, used 167044K [0x0000000600000000, 0x0000000800000000)
  region size 4096K, 15 young (61440K), 1 survivors (4096K)
 Metaspace       used 108266K, committed 110784K, reserved 1179648K
  class space    used 15497K, committed 16768K, reserved 1048576K
}
Event: 30.669 GC heap after
{Heap after GC invocations=45 (full 0):
 garbage-first heap   total 184320K, used 110099K [0x0000000600000000, 0x0000000800000000)
  region size 4096K, 2 young (8192K), 2 survivors (8192K)
 Metaspace       used 108266K, committed 110784K, reserved 1179648K
  class space    used 15497K, committed 16768K, reserved 1048576K
}
Event: 31.424 GC heap before
{Heap before GC invocations=45 (full 0):
 garbage-first heap   total 184320K, used 163347K [0x0000000600000000, 0x0000000800000000)
  region size 4096K, 16 young (65536K), 2 survivors (8192K)
 Metaspace       used 112142K, committed 114688K, reserved 1179648K
  class space    used 15927K, committed 17216K, reserved 1048576K
}
Event: 31.433 GC heap after
{Heap after GC invocations=46 (full 0):
 garbage-first heap   total 184320K, used 115643K [0x0000000600000000, 0x0000000800000000)
  region size 4096K, 2 young (8192K), 2 survivors (8192K)
 Metaspace       used 112142K, committed 114688K, reserved 1179648K
  class space    used 15927K, committed 17216K, reserved 1048576K
}
Event: 32.929 GC heap before
{Heap before GC invocations=47 (full 0):
 garbage-first heap   total 200704K, used 160699K [0x0000000600000000, 0x0000000800000000)
  region size 4096K, 14 young (57344K), 2 survivors (8192K)
 Metaspace       used 117311K, committed 119872K, reserved 1179648K
  class space    used 16414K, committed 17664K, reserved 1048576K
}
Event: 32.935 GC heap after
{Heap after GC invocations=48 (full 0):
 garbage-first heap   total 200704K, used 118040K [0x0000000600000000, 0x0000000800000000)
  region size 4096K, 1 young (4096K), 1 survivors (4096K)
 Metaspace       used 117311K, committed 119872K, reserved 1179648K
  class space    used 16414K, committed 17664K, reserved 1048576K
}
Event: 33.582 GC heap before
{Heap before GC invocations=48 (full 0):
 garbage-first heap   total 200704K, used 183576K [0x0000000600000000, 0x0000000800000000)
  region size 4096K, 17 young (69632K), 1 survivors (4096K)
 Metaspace       used 119886K, committed 122496K, reserved 1179648K
  class space    used 16631K, committed 17920K, reserved 1048576K
}
Event: 33.587 GC heap after
{Heap after GC invocations=49 (full 0):
 garbage-first heap   total 200704K, used 121102K [0x0000000600000000, 0x0000000800000000)
  region size 4096K, 2 young (8192K), 2 survivors (8192K)
 Metaspace       used 119886K, committed 122496K, reserved 1179648K
  class space    used 16631K, committed 17920K, reserved 1048576K
}
Event: 34.080 GC heap before
{Heap before GC invocations=49 (full 0):
 garbage-first heap   total 200704K, used 182542K [0x0000000600000000, 0x0000000800000000)
  region size 4096K, 17 young (69632K), 2 survivors (8192K)
 Metaspace       used 120185K, committed 122816K, reserved 1179648K
  class space    used 16634K, committed 17920K, reserved 1048576K
}
Event: 34.088 GC heap after
{Heap after GC invocations=50 (full 0):
 garbage-first heap   total 241664K, used 125704K [0x0000000600000000, 0x0000000800000000)
  region size 4096K, 3 young (12288K), 3 survivors (12288K)
 Metaspace       used 120185K, committed 122816K, reserved 1179648K
  class space    used 16634K, committed 17920K, reserved 1048576K
}
Event: 35.888 GC heap before
{Heap before GC invocations=51 (full 0):
 garbage-first heap   total 241664K, used 211720K [0x0000000600000000, 0x0000000800000000)
  region size 4096K, 24 young (98304K), 3 survivors (12288K)
 Metaspace       used 123535K, committed 126144K, reserved 1179648K
  class space    used 17097K, committed 18368K, reserved 1048576K
}
Event: 35.902 GC heap after
{Heap after GC invocations=52 (full 0):
 garbage-first heap   total 241664K, used 132583K [0x0000000600000000, 0x0000000800000000)
  region size 4096K, 3 young (12288K), 3 survivors (12288K)
 Metaspace       used 123535K, committed 126144K, reserved 1179648K
  class space    used 17097K, committed 18368K, reserved 1048576K
}
Event: 37.312 GC heap before
{Heap before GC invocations=52 (full 0):
 garbage-first heap   total 241664K, used 218599K [0x0000000600000000, 0x0000000800000000)
  region size 4096K, 24 young (98304K), 3 survivors (12288K)
 Metaspace       used 128791K, committed 131392K, reserved 1179648K
  class space    used 17799K, committed 19072K, reserved 1048576K
}

